<?xml version="1.0" encoding="UTF-8"?>
<coverage generated="1573584013500" clover="3.2.0">
  <project timestamp="1573584013500" name="All files">
    <metrics statements="2" coveredstatements="2" conditionals="0" coveredconditionals="0" methods="1" coveredmethods="1" elements="3" coveredelements="3" complexity="0" loc="2" ncloc="2" packages="1" files="1" classes="1"/>
    <file name="printDate.ts" path="C:\Users\iedokpayi\source\repos\foreign-visitors-react-library\src\printDate.ts">
      <metrics statements="2" coveredstatements="2" conditionals="0" coveredconditionals="0" methods="1" coveredmethods="1"/>
      <line num="1" count="1" type="stmt"/>
      <line num="2" count="5" type="stmt"/>
    </file>
  </project>
</coverage>
