{"C:\\Users\\iedokpayi\\source\\repos\\foreign-visitors-react-library\\src\\Fields\\RadioButton\\index.tsx": {"path":"C:\\Users\\iedokpayi\\source\\repos\\foreign-visitors-react-library\\src\\Fields\\RadioButton\\index.tsx","statementMap":{"0":{"start":{"line":5,"column":0},"end":{"line":5,"column":31}},"1":{"start":{"line":6,"column":0},"end":{"line":6,"column":54}},"2":{"start":{"line":10,"column":12},"end":{"line":10,"column":19}},"3":{"start":{"line":10,"column":21},"end":{"line":10,"column":30}},"4":{"start":{"line":10,"column":32},"end":{"line":10,"column":41}},"5":{"start":{"line":10,"column":43},"end":{"line":10,"column":45}},"6":{"start":{"line":10,"column":47},"end":{"line":10,"column":52}},"7":{"start":{"line":10,"column":54},"end":{"line":10,"column":67}},"8":{"start":{"line":10,"column":69},"end":{"line":10,"column":74}},"9":{"start":{"line":10,"column":76},"end":{"line":10,"column":90}},"10":{"start":{"line":12,"column":28},"end":{"line":12,"column":37}},"11":{"start":{"line":13,"column":36},"end":{"line":13,"column":66}},"12":{"start":{"line":14,"column":27},"end":{"line":14,"column":84}},"13":{"start":{"line":15,"column":4},"end":{"line":24,"column":13}},"14":{"start":{"line":18,"column":23},"end":{"line":18,"column":null}},"15":{"start":{"line":9,"column":0},"end":{"line":9,"column":16}}},"fnMap":{"0":{"name":"RadioButton","decl":{"start":{"line":9,"column":16},"end":{"line":9,"column":27}},"loc":{"start":{"line":9,"column":58},"end":{"line":25,"column":1}}},"1":{"name":"(anonymous_1)","decl":{"start":{"line":18,"column":17},"end":{"line":18,"column":23}},"loc":{"start":{"line":18,"column":17},"end":{"line":18,"column":39}}}},"branchMap":{"0":{"loc":{"start":{"line":13,"column":46},"end":{"line":13,"column":61}},"type":"cond-expr","locations":[{"start":{"line":13,"column":46},"end":{"line":13,"column":61}},{"start":{"line":13,"column":64},"end":{"line":13,"column":66}}]},"1":{"loc":{"start":{"line":14,"column":28},"end":{"line":14,"column":37}},"type":"binary-expr","locations":[{"start":{"line":14,"column":28},"end":{"line":14,"column":37}},{"start":{"line":14,"column":41},"end":{"line":14,"column":58}}]}},"s":{"0":1,"1":1,"2":5,"3":5,"4":5,"5":5,"6":5,"7":5,"8":5,"9":5,"10":5,"11":5,"12":5,"13":5,"14":1,"15":1},"f":{"0":5,"1":1},"b":{"0":[2,3],"1":[5,5]}}
}
