{"C:\\Users\\iedokpayi\\source\\repos\\foreign-visitors-react-library\\src\\printDate.ts": {"path":"C:\\Users\\iedokpayi\\source\\repos\\foreign-visitors-react-library\\src\\printDate.ts","statementMap":{"0":{"start":{"line":2,"column":4},"end":{"line":2,"column":114}},"1":{"start":{"line":1,"column":0},"end":{"line":1,"column":16}}},"fnMap":{"0":{"name":"printDate","decl":{"start":{"line":1,"column":16},"end":{"line":1,"column":25}},"loc":{"start":{"line":1,"column":36},"end":{"line":3,"column":1}}}},"branchMap":{},"s":{"0":5,"1":1},"f":{"0":5},"b":{}}
}
