TN:
SF:C:\Users\iedokpayi\source\repos\foreign-visitors-react-library\src\printDate.ts
FN:1,printDate
FNF:1
FNH:1
FNDA:5,printDate
DA:1,1
DA:2,5
LF:2
LH:2
BRF:0
BRH:0
end_of_record
TN:
SF:C:\Users\iedokpayi\source\repos\foreign-visitors-react-library\src\Fields\Feedback\index.tsx
FN:5,Feedback
FNF:1
FNH:1
FNDA:1,Feedback
DA:1,1
DA:3,1
DA:5,1
DA:6,1
DA:7,1
DA:8,1
DA:9,1
DA:11,0
DA:22,0
DA:24,0
DA:35,0
DA:37,0
DA:48,0
DA:50,1
LF:14
LH:8
BRDA:10,0,0,0
BRDA:10,0,1,0
BRDA:10,0,2,0
BRF:3
BRH:0
end_of_record
TN:
SF:C:\Users\iedokpayi\source\repos\foreign-visitors-react-library\src\Fields\FormField\descriptionSpan.tsx
FN:4,DescriptionSpan
FNF:1
FNH:1
FNDA:1,DescriptionSpan
DA:1,1
DA:4,1
DA:5,1
DA:6,1
LF:4
LH:4
BRDA:6,0,0,1
BRDA:6,0,1,0
BRF:2
BRH:1
end_of_record
TN:
SF:C:\Users\iedokpayi\source\repos\foreign-visitors-react-library\src\Fields\FormField\index.tsx
FN:5,FormField
FNF:1
FNH:1
FNDA:1,FormField
DA:1,1
DA:3,1
DA:5,1
DA:6,1
DA:7,1
LF:5
LH:5
BRF:0
BRH:0
end_of_record
TN:
SF:C:\Users\iedokpayi\source\repos\foreign-visitors-react-library\src\Fields\FormGroup\index.tsx
FN:8,FormGroup
FNF:1
FNH:1
FNDA:1,FormGroup
DA:1,1
DA:3,1
DA:4,1
DA:5,1
DA:6,1
DA:8,1
DA:9,1
DA:10,1
DA:11,1
LF:9
LH:9
BRDA:17,0,0,1
BRDA:17,0,1,1
BRF:2
BRH:2
end_of_record
TN:
SF:C:\Users\iedokpayi\source\repos\foreign-visitors-react-library\src\Fields\FormGroupClassName\index.ts
FN:3,formGroupClassName
FNF:1
FNH:1
FNDA:1,formGroupClassName
DA:1,1
DA:3,1
DA:4,1
DA:5,1
DA:6,1
DA:8,0
DA:9,0
DA:12,0
DA:13,0
DA:15,1
DA:16,1
DA:18,1
LF:12
LH:8
BRDA:4,0,0,1
BRDA:4,0,1,1
BRDA:7,1,0,0
BRDA:7,1,1,0
BRDA:7,1,2,0
BRDA:7,1,3,1
BRF:6
BRH:3
end_of_record
TN:
SF:C:\Users\iedokpayi\source\repos\foreign-visitors-react-library\src\Fields\RadioButton\RadioButtonClick.ts
FN:1,radioButtonClick
FNF:1
FNH:1
FNDA:1,radioButtonClick
DA:1,1
DA:2,1
LF:2
LH:2
BRF:0
BRH:0
end_of_record
TN:
SF:C:\Users\iedokpayi\source\repos\foreign-visitors-react-library\src\Fields\RadioButton\index.tsx
FN:9,RadioButton
FN:18,(anonymous_1)
FNF:2
FNH:2
FNDA:5,RadioButton
FNDA:1,(anonymous_1)
DA:5,1
DA:6,1
DA:9,1
DA:10,5
DA:12,5
DA:13,5
DA:14,5
DA:15,5
DA:18,1
LF:9
LH:9
BRDA:13,0,0,2
BRDA:13,0,1,3
BRDA:14,1,0,5
BRDA:14,1,1,5
BRF:4
BRH:4
end_of_record
TN:
SF:C:\Users\iedokpayi\source\repos\foreign-visitors-react-library\src\Fields\RequiredField\index.tsx
FN:4,RequiredField
FNF:1
FNH:1
FNDA:1,RequiredField
DA:1,1
DA:4,1
DA:5,1
LF:3
LH:3
BRDA:5,0,0,0
BRDA:5,0,1,1
BRF:2
BRH:1
end_of_record
TN:
SF:C:\Users\iedokpayi\source\repos\foreign-visitors-react-library\src\FormWrapper\parseJSONValues.ts
FN:3,parseJSONValues
FNF:1
FNH:1
FNDA:2,parseJSONValues
DA:3,1
DA:4,2
DA:5,2
DA:6,1
DA:7,1
DA:8,1
DA:13,2
LF:7
LH:7
BRDA:5,0,0,1
BRDA:5,0,1,1
BRDA:7,1,0,1
BRDA:7,1,1,0
BRF:4
BRH:3
end_of_record
TN:
SF:C:\Users\iedokpayi\source\repos\foreign-visitors-react-library\src\ResponseForm\threatLevelOptionChecked.ts
FN:2,threatLevelOptionChecked
FN:6,threatLevelOptionCheckedClasName
FNF:2
FNH:1
FNDA:3,threatLevelOptionChecked
FNDA:0,threatLevelOptionCheckedClasName
DA:2,1
DA:3,3
DA:6,1
DA:7,0
LF:4
LH:3
BRDA:7,0,0,0
BRDA:7,0,1,0
BRF:2
BRH:0
end_of_record
TN:
SF:C:\Users\iedokpayi\source\repos\foreign-visitors-react-library\src\ResponseForm\ResponseFormFields\ConvertFieldValue.ts
FN:3,ConvertFieldValue
FN:4,(anonymous_1)
FN:9,(anonymous_2)
FN:15,(anonymous_3)
FN:16,(anonymous_4)
FN:17,(anonymous_5)
FNF:6
FNH:2
FNDA:1,ConvertFieldValue
FNDA:0,(anonymous_1)
FNDA:0,(anonymous_2)
FNDA:0,(anonymous_3)
FNDA:1,(anonymous_4)
FNDA:0,(anonymous_5)
DA:1,1
DA:3,1
DA:4,1
DA:5,1
DA:9,0
DA:15,0
DA:16,1
DA:17,0
DA:20,1
LF:9
LH:6
BRF:0
BRH:0
end_of_record
TN:
SF:C:\Users\iedokpayi\source\repos\foreign-visitors-react-library\src\ResponseForm\ResponseFormFields\ccHandler.ts
FN:3,ccHandler
FNF:1
FNH:1
FNDA:5,ccHandler
DA:3,1
DA:4,5
DA:5,5
DA:6,5
DA:7,5
LF:5
LH:5
BRDA:5,0,0,5
BRDA:5,0,1,4
BRF:2
BRH:2
end_of_record
TN:
SF:C:\Users\iedokpayi\source\repos\foreign-visitors-react-library\src\ResponseForm\ResponseFormFields\ccRemoveHandler.ts
FN:3,ccRemoveHandler
FNF:1
FNH:1
FNDA:3,ccRemoveHandler
DA:3,1
DA:4,3
DA:5,3
DA:6,2
DA:7,2
DA:8,2
LF:6
LH:6
BRDA:5,0,0,2
BRDA:5,0,1,1
BRDA:5,1,0,3
BRDA:5,1,1,2
BRDA:5,1,2,2
BRDA:5,1,3,2
BRF:6
BRH:6
end_of_record
TN:
SF:C:\Users\iedokpayi\source\repos\foreign-visitors-react-library\src\ResponseForm\ResponseFormFields\ccUpdateHandler.ts
FN:3,ccUpdateHandler
FNF:1
FNH:1
FNDA:2,ccUpdateHandler
DA:3,1
DA:4,2
DA:5,2
DA:6,1
DA:7,1
DA:8,1
LF:6
LH:6
BRDA:5,0,0,1
BRDA:5,0,1,1
BRDA:5,1,0,2
BRDA:5,1,1,1
BRDA:5,1,2,1
BRDA:5,1,3,1
BRF:6
BRH:6
end_of_record
TN:
SF:C:\Users\iedokpayi\source\repos\foreign-visitors-react-library\src\Utilities\getFileBuffer.ts
FN:1,getFileBuffer
FN:4,(anonymous_1)
FN:7,(anonymous_2)
FN:8,(anonymous_3)
FNF:4
FNH:0
FNDA:0,getFileBuffer
FNDA:0,(anonymous_1)
FNDA:0,(anonymous_2)
FNDA:0,(anonymous_3)
DA:2,0
DA:3,0
DA:7,0
DA:8,0
DA:9,0
DA:13,3
LF:6
LH:1
BRF:0
BRH:0
end_of_record
TN:
SF:C:\Users\iedokpayi\source\repos\foreign-visitors-react-library\src\types\index.ts
FN:208,(anonymous_0)
FN:212,(anonymous_1)
FN:216,(anonymous_2)
FN:309,(anonymous_3)
FN:313,FileData
FN:316,(anonymous_5)
FN:317,(anonymous_6)
FN:356,(anonymous_7)
FN:375,SPContact
FNF:9
FNH:5
FNDA:3,(anonymous_0)
FNDA:3,(anonymous_1)
FNDA:3,(anonymous_2)
FNDA:3,(anonymous_3)
FNDA:0,FileData
FNDA:0,(anonymous_5)
FNDA:0,(anonymous_6)
FNDA:3,(anonymous_7)
FNDA:0,SPContact
DA:1,3
DA:6,3
DA:208,3
DA:209,3
DA:212,3
DA:213,3
DA:216,3
DA:217,3
DA:218,3
DA:219,3
DA:220,3
DA:309,3
DA:313,0
DA:314,0
DA:315,0
DA:316,0
DA:317,0
DA:319,3
DA:356,3
DA:376,0
DA:378,0
DA:379,0
DA:380,0
DA:381,0
DA:382,0
DA:383,0
DA:384,0
DA:385,0
DA:386,0
DA:387,0
DA:388,0
DA:389,0
DA:390,0
DA:391,0
DA:392,0
DA:393,0
DA:394,0
DA:399,0
DA:401,3
LF:39
LH:15
BRDA:208,0,0,3
BRDA:208,0,1,3
BRDA:212,1,0,3
BRDA:212,1,1,3
BRDA:216,2,0,3
BRDA:216,2,1,3
BRDA:376,3,0,0
BRDA:376,3,1,0
BRDA:394,4,0,0
BRDA:394,4,1,0
BRF:10
BRH:6
end_of_record
