TN:
SF:C:\Users\iedokpayi\source\repos\foreign-visitors-react-library\src\Fields\RadioButton\index.tsx
FN:9,(anonymous_6)
FN:11,RadioButton
FN:15,(anonymous_8)
FN:24,(anonymous_9)
FN:34,(anonymous_10)
FNF:5
FNH:4
FNDA:1,(anonymous_6)
FNDA:5,RadioButton
FNDA:5,(anonymous_8)
FNDA:1,(anonymous_9)
FNDA:0,(anonymous_10)
DA:5,1
DA:6,1
DA:9,1
DA:12,5
DA:13,5
DA:15,1
DA:16,5
DA:18,5
DA:19,5
DA:20,5
DA:21,5
DA:24,1
DA:34,1
DA:35,0
DA:36,0
DA:37,0
DA:38,0
DA:42,1
LF:18
LH:14
BRDA:12,0,0,5
BRDA:12,0,1,5
BRDA:19,1,0,2
BRDA:19,1,1,3
BRDA:20,2,0,5
BRDA:20,2,1,5
BRDA:35,3,0,0
BRDA:35,3,1,0
BRDA:36,4,0,0
BRDA:36,4,1,0
BRF:10
BRH:6
end_of_record
